2026-03-23 22:05:37,927 - __main__ - INFO - 交易系统初始化完成
2026-03-23 22:05:37,927 - __main__ - INFO - === 交易系统启动 ===
2026-03-23 22:05:39,389 - data_manager - INFO - Saved 100 klines for BTCUSDT 1h
2026-03-23 22:05:39,397 - __main__ - INFO - 
=== 系统状态 ===
时间: 2026-03-23 22:05:39
当前资金: 10000.00
持仓数: 0
未实现盈亏: 0.00
已执行订单: 0
        
2026-03-23 22:06:42,645 - data_manager - INFO - Saved 100 klines for BTCUSDT 1h
2026-03-23 22:06:42,653 - __main__ - INFO - 
=== 系统状态 ===
时间: 2026-03-23 22:06:42
当前资金: 10000.00
持仓数: 0
未实现盈亏: 0.00
已执行订单: 0
        
2026-03-23 22:07:44,731 - data_manager - INFO - Saved 100 klines for BTCUSDT 1h
2026-03-23 22:07:44,739 - __main__ - INFO - 
=== 系统状态 ===
时间: 2026-03-23 22:07:44
当前资金: 10000.00
持仓数: 0
未实现盈亏: 0.00
已执行订单: 0
        
2026-03-23 22:08:44,687 - __main__ - INFO - 收到停止信号，正在关闭...
2026-03-23 22:08:44,688 - __main__ - INFO - 正在平仓所有持仓...
2026-03-23 22:08:44,688 - __main__ - INFO - 最终资金: 10000.00
2026-03-23 22:08:44,688 - __main__ - INFO - 总体收益: 0.00%
2026-03-23 22:08:44,688 - __main__ - INFO - === 交易系统已关闭 ===
